[debug] [2024-08-09T12:55:10.270Z] ----------------------------------------------------------------------
[debug] [2024-08-09T12:55:10.274Z] Command:       D:\A Program Files\node.exe C:\Users\acer\AppData\Roaming\npm\node_modules\firebase-tools\lib\bin\firebase.js init
[debug] [2024-08-09T12:55:10.275Z] CLI Version:   13.15.0
[debug] [2024-08-09T12:55:10.275Z] Platform:      win32
[debug] [2024-08-09T12:55:10.275Z] Node Version:  v20.11.1
[debug] [2024-08-09T12:55:10.276Z] Time:          Fri Aug 09 2024 08:55:10 GMT-0400 (Eastern Daylight Time)
[debug] [2024-08-09T12:55:10.276Z] ----------------------------------------------------------------------
[debug] 
[debug] [2024-08-09T12:55:10.282Z] > command requires scopes: ["email","openid","https://www.googleapis.com/auth/cloudplatformprojects.readonly","https://www.googleapis.com/auth/firebase","https://www.googleapis.com/auth/cloud-platform"]
[debug] [2024-08-09T12:55:10.282Z] > authorizing via signed-in user (singh.preet98721@gmail.com)
[info] 
     ######## #### ########  ######## ########     ###     ######  ########
     ##        ##  ##     ## ##       ##     ##  ##   ##  ##       ##
     ######    ##  ########  ######   ########  #########  ######  ######
     ##        ##  ##    ##  ##       ##     ## ##     ##       ## ##
     ##       #### ##     ## ######## ########  ##     ##  ######  ########

You're about to initialize a Firebase project in this directory:

  D:\CustomBread\custombananabread

[info] 
=== Project Setup
[info] 
[info] First, let's associate this project directory with a Firebase project.
[info] You can create multiple project aliases by running firebase use --add, 
[info] but for now we'll just set up a default project.
[info] 
[debug] [2024-08-09T12:56:01.273Z] >>> [apiv2][query] GET https://firebase.googleapis.com/v1beta1/projects pageSize=100
[debug] [2024-08-09T12:56:01.737Z] <<< [apiv2][status] GET https://firebase.googleapis.com/v1beta1/projects 200
[debug] [2024-08-09T12:56:01.737Z] <<< [apiv2][body] GET https://firebase.googleapis.com/v1beta1/projects [omitted]
[debug] [2024-08-09T12:56:35.597Z] ----------------------------------------------------------------------
[debug] [2024-08-09T12:56:35.601Z] Command:       D:\A Program Files\node.exe C:\Users\acer\AppData\Roaming\npm\node_modules\firebase-tools\lib\bin\firebase.js init
[debug] [2024-08-09T12:56:35.601Z] CLI Version:   13.15.0
[debug] [2024-08-09T12:56:35.602Z] Platform:      win32
[debug] [2024-08-09T12:56:35.602Z] Node Version:  v20.11.1
[debug] [2024-08-09T12:56:35.602Z] Time:          Fri Aug 09 2024 08:56:35 GMT-0400 (Eastern Daylight Time)
[debug] [2024-08-09T12:56:35.602Z] ----------------------------------------------------------------------
[debug] 
[debug] [2024-08-09T12:56:35.612Z] > command requires scopes: ["email","openid","https://www.googleapis.com/auth/cloudplatformprojects.readonly","https://www.googleapis.com/auth/firebase","https://www.googleapis.com/auth/cloud-platform"]
[debug] [2024-08-09T12:56:35.613Z] > authorizing via signed-in user (singh.preet98721@gmail.com)
[info] 
     ######## #### ########  ######## ########     ###     ######  ########
     ##        ##  ##     ## ##       ##     ##  ##   ##  ##       ##
     ######    ##  ########  ######   ########  #########  ######  ######
     ##        ##  ##    ##  ##       ##     ## ##     ##       ## ##
     ##       #### ##     ## ######## ########  ##     ##  ######  ########

You're about to initialize a Firebase project in this directory:

  D:\CustomBread\custombananabread

[info] 
=== Project Setup
[info] 
[info] First, let's associate this project directory with a Firebase project.
[info] You can create multiple project aliases by running firebase use --add, 
[info] but for now we'll just set up a default project.
[info] 
[info] i  If you want to create a project in a Google Cloud organization or folder, please use "firebase projects:create" instead, and return to this command when you've created the project. 
[debug] [2024-08-09T12:57:44.939Z] >>> [apiv2][query] POST https://cloudresourcemanager.googleapis.com/v1/projects [none]
[debug] [2024-08-09T12:57:44.940Z] >>> [apiv2][body] POST https://cloudresourcemanager.googleapis.com/v1/projects {"projectId":"987654321","name":"custombananabread"}
[debug] [2024-08-09T12:57:45.287Z] <<< [apiv2][status] POST https://cloudresourcemanager.googleapis.com/v1/projects 400
[debug] [2024-08-09T12:57:45.288Z] <<< [apiv2][body] POST https://cloudresourcemanager.googleapis.com/v1/projects {"error":{"code":400,"message":"field [project_id] has issue [project_id contains invalid characters]","status":"INVALID_ARGUMENT","details":[{"@type":"type.googleapis.com/google.rpc.BadRequest","fieldViolations":[{"field":"project_id","description":"project_id contains invalid characters"}]},{"@type":"type.googleapis.com/google.rpc.Help","links":[{"url":"https://cloud.google.com/resource-manager/reference/rest/v1/projects"}]}]}}
[debug] [2024-08-09T12:57:45.390Z] FirebaseError: HTTP Error: 400, field [project_id] has issue [project_id contains invalid characters]
    at responseToError (C:\Users\acer\AppData\Roaming\npm\node_modules\firebase-tools\lib\responseToError.js:49:12)
    at RetryOperation._fn (C:\Users\acer\AppData\Roaming\npm\node_modules\firebase-tools\lib\apiv2.js:305:77)
    at process.processTicksAndRejections (node:internal/process/task_queues:95:5)
[error] 
[error] Error: Failed to create project. See firebase-debug.log for more info.
[debug] [2024-08-09T16:44:32.547Z] ----------------------------------------------------------------------
[debug] [2024-08-09T16:44:32.550Z] Command:       D:\A Program Files\node.exe C:\Users\acer\AppData\Roaming\npm\node_modules\firebase-tools\lib\bin\firebase.js init
[debug] [2024-08-09T16:44:32.550Z] CLI Version:   13.15.0
[debug] [2024-08-09T16:44:32.550Z] Platform:      win32
[debug] [2024-08-09T16:44:32.551Z] Node Version:  v20.11.1
[debug] [2024-08-09T16:44:32.551Z] Time:          Fri Aug 09 2024 12:44:32 GMT-0400 (Eastern Daylight Time)
[debug] [2024-08-09T16:44:32.551Z] ----------------------------------------------------------------------
[debug] 
[debug] [2024-08-09T16:44:32.557Z] > command requires scopes: ["email","openid","https://www.googleapis.com/auth/cloudplatformprojects.readonly","https://www.googleapis.com/auth/firebase","https://www.googleapis.com/auth/cloud-platform"]
[debug] [2024-08-09T16:44:32.557Z] > authorizing via signed-in user (singh.preet98721@gmail.com)
[info] 
     ######## #### ########  ######## ########     ###     ######  ########
     ##        ##  ##     ## ##       ##     ##  ##   ##  ##       ##
     ######    ##  ########  ######   ########  #########  ######  ######
     ##        ##  ##    ##  ##       ##     ## ##     ##       ## ##
     ##       #### ##     ## ######## ########  ##     ##  ######  ########

You're about to initialize a Firebase project in this directory:

  D:\CustomBread\custombananabread

[info] 
=== Project Setup
[info] 
[info] First, let's associate this project directory with a Firebase project.
[info] You can create multiple project aliases by running firebase use --add, 
[info] but for now we'll just set up a default project.
[info] 
[info] i  If you want to create a project in a Google Cloud organization or folder, please use "firebase projects:create" instead, and return to this command when you've created the project. 
[debug] [2024-08-09T16:45:48.071Z] > refreshing access token with scopes: []
[debug] [2024-08-09T16:45:48.073Z] >>> [apiv2][query] POST https://www.googleapis.com/oauth2/v3/token [none]
[debug] [2024-08-09T16:45:48.073Z] >>> [apiv2][body] POST https://www.googleapis.com/oauth2/v3/token [omitted]
[debug] [2024-08-09T16:45:48.266Z] <<< [apiv2][status] POST https://www.googleapis.com/oauth2/v3/token 200
[debug] [2024-08-09T16:45:48.266Z] <<< [apiv2][body] POST https://www.googleapis.com/oauth2/v3/token [omitted]
[debug] [2024-08-09T16:45:48.292Z] >>> [apiv2][query] POST https://cloudresourcemanager.googleapis.com/v1/projects [none]
[debug] [2024-08-09T16:45:48.293Z] >>> [apiv2][body] POST https://cloudresourcemanager.googleapis.com/v1/projects {"projectId":"CustomBananaBread98721","name":"CustomBananBread"}
[debug] [2024-08-09T16:45:48.550Z] <<< [apiv2][status] POST https://cloudresourcemanager.googleapis.com/v1/projects 400
[debug] [2024-08-09T16:45:48.551Z] <<< [apiv2][body] POST https://cloudresourcemanager.googleapis.com/v1/projects {"error":{"code":400,"message":"field [project_id] has issue [project_id contains invalid characters]","status":"INVALID_ARGUMENT","details":[{"@type":"type.googleapis.com/google.rpc.BadRequest","fieldViolations":[{"field":"project_id","description":"project_id contains invalid characters"}]},{"@type":"type.googleapis.com/google.rpc.Help","links":[{"url":"https://cloud.google.com/resource-manager/reference/rest/v1/projects"}]}]}}
[debug] [2024-08-09T16:45:48.643Z] FirebaseError: HTTP Error: 400, field [project_id] has issue [project_id contains invalid characters]
    at responseToError (C:\Users\acer\AppData\Roaming\npm\node_modules\firebase-tools\lib\responseToError.js:49:12)
    at RetryOperation._fn (C:\Users\acer\AppData\Roaming\npm\node_modules\firebase-tools\lib\apiv2.js:305:77)
    at process.processTicksAndRejections (node:internal/process/task_queues:95:5)
[error] 
[error] Error: Failed to create project. See firebase-debug.log for more info.
[debug] [2024-08-09T16:45:56.558Z] ----------------------------------------------------------------------
[debug] [2024-08-09T16:45:56.560Z] Command:       D:\A Program Files\node.exe C:\Users\acer\AppData\Roaming\npm\node_modules\firebase-tools\lib\bin\firebase.js init
[debug] [2024-08-09T16:45:56.561Z] CLI Version:   13.15.0
[debug] [2024-08-09T16:45:56.561Z] Platform:      win32
[debug] [2024-08-09T16:45:56.561Z] Node Version:  v20.11.1
[debug] [2024-08-09T16:45:56.561Z] Time:          Fri Aug 09 2024 12:45:56 GMT-0400 (Eastern Daylight Time)
[debug] [2024-08-09T16:45:56.561Z] ----------------------------------------------------------------------
[debug] 
[debug] [2024-08-09T16:45:56.567Z] > command requires scopes: ["email","openid","https://www.googleapis.com/auth/cloudplatformprojects.readonly","https://www.googleapis.com/auth/firebase","https://www.googleapis.com/auth/cloud-platform"]
[debug] [2024-08-09T16:45:56.567Z] > authorizing via signed-in user (singh.preet98721@gmail.com)
[info] 
     ######## #### ########  ######## ########     ###     ######  ########
     ##        ##  ##     ## ##       ##     ##  ##   ##  ##       ##
     ######    ##  ########  ######   ########  #########  ######  ######
     ##        ##  ##    ##  ##       ##     ## ##     ##       ## ##
     ##       #### ##     ## ######## ########  ##     ##  ######  ########

You're about to initialize a Firebase project in this directory:

  D:\CustomBread\custombananabread

[info] 
=== Project Setup
[info] 
[info] First, let's associate this project directory with a Firebase project.
[info] You can create multiple project aliases by running firebase use --add, 
[info] but for now we'll just set up a default project.
[info] 
[info] i  If you want to create a project in a Google Cloud organization or folder, please use "firebase projects:create" instead, and return to this command when you've created the project. 
[debug] [2024-08-09T16:46:20.115Z] >>> [apiv2][query] POST https://cloudresourcemanager.googleapis.com/v1/projects [none]
[debug] [2024-08-09T16:46:20.115Z] >>> [apiv2][body] POST https://cloudresourcemanager.googleapis.com/v1/projects {"projectId":"CustomBananaBreadBunch","name":"CustomBananaBreadBunch"}
[debug] [2024-08-09T16:46:20.373Z] <<< [apiv2][status] POST https://cloudresourcemanager.googleapis.com/v1/projects 400
[debug] [2024-08-09T16:46:20.373Z] <<< [apiv2][body] POST https://cloudresourcemanager.googleapis.com/v1/projects {"error":{"code":400,"message":"field [project_id] has issue [project_id contains invalid characters]","status":"INVALID_ARGUMENT","details":[{"@type":"type.googleapis.com/google.rpc.BadRequest","fieldViolations":[{"field":"project_id","description":"project_id contains invalid characters"}]},{"@type":"type.googleapis.com/google.rpc.Help","links":[{"url":"https://cloud.google.com/resource-manager/reference/rest/v1/projects"}]}]}}
[debug] [2024-08-09T16:46:20.453Z] FirebaseError: HTTP Error: 400, field [project_id] has issue [project_id contains invalid characters]
    at responseToError (C:\Users\acer\AppData\Roaming\npm\node_modules\firebase-tools\lib\responseToError.js:49:12)
    at RetryOperation._fn (C:\Users\acer\AppData\Roaming\npm\node_modules\firebase-tools\lib\apiv2.js:305:77)
    at process.processTicksAndRejections (node:internal/process/task_queues:95:5)
[error] 
[error] Error: Failed to create project. See firebase-debug.log for more info.
